C51 COMPILER V9.54   MAIN                                                                  11/14/2022 00:03:40 PAGE 1   


C51 COMPILER V9.54, COMPILATION OF MODULE MAIN
OBJECT MODULE PLACED IN .\Objects\main.obj
COMPILER INVOKED BY: F:\keil5\C51\BIN\C51.EXE main.c OPTIMIZE(8,SPEED) BROWSE DEBUG OBJECTEXTEND PRINT(.\Listings\main.l
                    -st) TABS(2) OBJECT(.\Objects\main.obj)

line level    source

   1          #include <REGX51.H>
   2          #include <INTRINS.H>
   3          void Delay500ms()
   4          {
   5   1        unsigned char i,j,k;
   6   1        
   7   1        _nop_();
   8   1        i = 4;
   9   1        j = 205;
  10   1        k = 107;
  11   1        do{
  12   2          do{
  13   3            while(--k);
  14   3          }while(--j);
  15   2        }while(--i);
  16   1      }
  17          void main()
  18          {
  19   1        while(1){
  20   2            P1 = 0x01;
  21   2            Delay500ms();
  22   2            P1 = 0x00;
  23   2            Delay500ms();
  24   2        }
  25   1      }


MODULE INFORMATION:   STATIC OVERLAYABLE
   CODE SIZE        =     28    ----
   CONSTANT SIZE    =   ----    ----
   XDATA SIZE       =   ----    ----
   PDATA SIZE       =   ----    ----
   DATA SIZE        =   ----    ----
   IDATA SIZE       =   ----    ----
   BIT SIZE         =   ----    ----
END OF MODULE INFORMATION.


C51 COMPILATION COMPLETE.  0 WARNING(S),  0 ERROR(S)
