C51 COMPILER V9.54   DS1302                                                                12/03/2022 01:20:02 PAGE 1   


C51 COMPILER V9.54, COMPILATION OF MODULE DS1302
OBJECT MODULE PLACED IN .\Objects\DS1302.obj
COMPILER INVOKED BY: F:\keil5\C51\BIN\C51.EXE DS1302.c OPTIMIZE(8,SPEED) BROWSE DEBUG OBJECTEXTEND PRINT(.\Listings\DS13
                    -02.lst) TABS(2) OBJECT(.\Objects\DS1302.obj)

line level    source

   1          #include <REGX51.H>
   2          #include "LCD1602.h"
   3          sbit DS1302_SCLK = P3^6;
   4          sbit DS1302_IO = P3^4;
   5          sbit DS1302_CE = P3^5;
   6          
   7          void DS1302_Init()
   8          {
   9   1        DS1302_CE = 0;
  10   1        DS1302_SCLK = 0;
  11   1      }
  12          
  13          void DS1302_WriteByte(unsigned char Command,unsigned char Data)
  14          {
  15   1        unsigned char i;
  16   1        DS1302_CE = 1; //这个必须不放在第一句。。。很离谱
  17   1        for( i = 0; i < 8; ++i )
  18   1        { 
  19   2          DS1302_IO = Command << i & 1;
  20   2          DS1302_SCLK = 1;
  21   2          DS1302_SCLK = 0;
  22   2        }
  23   1        for( i = 0; i < 8; ++i )
  24   1        { 
  25   2          DS1302_IO = Data << i & 1;
  26   2          DS1302_SCLK = 1;
  27   2          DS1302_SCLK = 0;
  28   2        }
  29   1        DS1302_CE = 0;
  30   1      }
  31          
  32          unsigned char DS1302_ReadByte(unsigned char Command)
  33          {
  34   1        unsigned char i = 0,Data = 0x00;
  35   1        Command |= 0x01; //将指令转换为读指令
  36   1        DS1302_CE = 1;//这个必须不放在第一句。。。很离谱
  37   1        for( i = 0; i < 8; ++i )
  38   1        { 
  39   2          DS1302_IO = Command << i & 1;
  40   2          DS1302_SCLK = 0;
  41   2          DS1302_SCLK = 1;
  42   2        }
  43   1        for( i = 0; i < 8; ++i)
  44   1        {
  45   2          DS1302_SCLK = 1;
  46   2          DS1302_SCLK = 0;
  47   2          if(DS1302_IO)
  48   2          {
  49   3            Data = Data || (0x01 << i);
  50   3          }
  51   2        }
  52   1        DS1302_CE = 0;
  53   1        DS1302_IO = 0;  //读取后的IO必须为0要不会出问题
  54   1        while(1)
C51 COMPILER V9.54   DS1302                                                                12/03/2022 01:20:02 PAGE 2   

  55   1          LCD_ShowNum(2,1,(int)Data,3);
  56   1        return Data;
  57   1      }
*** WARNING C294 IN LINE 56 OF DS1302.c: unreachable code


MODULE INFORMATION:   STATIC OVERLAYABLE
   CODE SIZE        =    150    ----
   CONSTANT SIZE    =   ----    ----
   XDATA SIZE       =   ----    ----
   PDATA SIZE       =   ----    ----
   DATA SIZE        =   ----       1
   IDATA SIZE       =   ----    ----
   BIT SIZE         =   ----    ----
END OF MODULE INFORMATION.


C51 COMPILATION COMPLETE.  1 WARNING(S),  0 ERROR(S)
