C51 COMPILER V9.54   DISPLAY                                                               11/23/2022 00:30:08 PAGE 1   


C51 COMPILER V9.54, COMPILATION OF MODULE DISPLAY
OBJECT MODULE PLACED IN .\Objects\display.obj
COMPILER INVOKED BY: F:\keil5\C51\BIN\C51.EXE display.c OPTIMIZE(8,SPEED) BROWSE DEBUG OBJECTEXTEND PRINT(.\Listings\dis
                    -play.lst) TABS(2) OBJECT(.\Objects\display.obj)

line level    source

   1          #include <REGX51.H>
   2          unsigned char NixieTable[] = {0x3F,0x06,0x5B,0x4F,0x66,0x6D,
   3          0x7D,0x07,0x7F,0x6F,0x77,0x7C,0x39,0x5E,0x79,0x71,0x00};
   4          void display(unsigned char pos,unsigned char num)
   5          {
   6   1        switch(pos)
   7   1        {
   8   2          case 1:
   9   2            P2_0 = 0;
  10   2            P2_1 = 0;
  11   2            P2_2 = 0;
  12   2            break;
  13   2          case 2:
  14   2            P2_0 = 1;
  15   2            P2_1 = 0;
  16   2            P2_2 = 0;
  17   2            break;
  18   2          case 3:
  19   2            P2_0 = 0;
  20   2            P2_1 = 1;
  21   2            P2_2 = 0;
  22   2            break;
  23   2          case 4:
  24   2            P2_0 = 1;
  25   2            P2_1 = 1;
  26   2            P2_2 = 0;
  27   2            break;
  28   2          case 5:
  29   2            P2_0 = 0;
  30   2            P2_1 = 0;
  31   2            P2_2 = 1;
  32   2            break;
  33   2          case 6:
  34   2            P2_0 = 1;
  35   2            P2_1 = 0;
  36   2            P2_2 = 1;
  37   2            break;
  38   2          case 7:
  39   2            P2_0 = 0;
  40   2            P2_1 = 1;
  41   2            P2_2 = 1;
  42   2            break;
  43   2          case 8:
  44   2            P2_0 = 1;
  45   2            P2_1 = 1;
  46   2            P2_2 = 1;
  47   2            break;
  48   2        }
  49   1        P0 = NixieTable[num];
  50   1      }


MODULE INFORMATION:   STATIC OVERLAYABLE
   CODE SIZE        =     99    ----
C51 COMPILER V9.54   DISPLAY                                                               11/23/2022 00:30:08 PAGE 2   

   CONSTANT SIZE    =   ----    ----
   XDATA SIZE       =   ----    ----
   PDATA SIZE       =   ----    ----
   DATA SIZE        =     17    ----
   IDATA SIZE       =   ----    ----
   BIT SIZE         =   ----    ----
END OF MODULE INFORMATION.


C51 COMPILATION COMPLETE.  0 WARNING(S),  0 ERROR(S)
