C51 COMPILER V9.54   MATRIXKEY                                                             11/23/2022 00:55:32 PAGE 1   


C51 COMPILER V9.54, COMPILATION OF MODULE MATRIXKEY
OBJECT MODULE PLACED IN .\Objects\MatrixKey.obj
COMPILER INVOKED BY: F:\keil5\C51\BIN\C51.EXE MatrixKey.c OPTIMIZE(8,SPEED) BROWSE DEBUG OBJECTEXTEND PRINT(.\Listings\M
                    -atrixKey.lst) TABS(2) OBJECT(.\Objects\MatrixKey.obj)

line level    source

   1          #include <REGX51.H>
   2          #include "Delay.h"
   3          unsigned char MatrixKey(void)
   4          {
   5   1        unsigned char KeyNumber = 0;
   6   1        
   7   1        P1 = 0xFF;
   8   1        P1_4 = 0;
   9   1        if(P1_0 == 0)
  10   1        {
  11   2          Delay(20);
  12   2          while(P1_0 == 0);
  13   2          Delay(20);
  14   2          KeyNumber = 1;
  15   2        }
  16   1        if(P1_1 == 0)
  17   1        {
  18   2          Delay(20);
  19   2          while(P1_1 == 0);
  20   2          Delay(20);
  21   2          KeyNumber = 5;
  22   2        }
  23   1        if(P1_2 == 0)
  24   1        {
  25   2          Delay(20);
  26   2          while(P1_2 == 0);
  27   2          Delay(20);
  28   2          KeyNumber = 9;
  29   2        }
  30   1        if(P1_3 == 0)
  31   1        {
  32   2          Delay(20);
  33   2          while(P1_3 == 0);
  34   2          Delay(20);
  35   2          KeyNumber = 13;
  36   2        }
  37   1        
  38   1        P1 = 0xFF;
  39   1        P1_5 = 0;
  40   1        if(P1_0 == 0)
  41   1        {
  42   2          Delay(20);
  43   2          while(P1_0 == 0);
  44   2          Delay(20);
  45   2          KeyNumber = 2;
  46   2        }
  47   1        if(P1_1 == 0)
  48   1        {
  49   2          Delay(20);
  50   2          while(P1_1 == 0);
  51   2          Delay(20);
  52   2          KeyNumber = 6;
  53   2        }
  54   1        if(P1_2 == 0)
C51 COMPILER V9.54   MATRIXKEY                                                             11/23/2022 00:55:32 PAGE 2   

  55   1        {
  56   2          Delay(20);
  57   2          while(P1_2 == 0);
  58   2          Delay(20);
  59   2          KeyNumber = 10;
  60   2        }
  61   1        if(P1_3 == 0)
  62   1        {
  63   2          Delay(20);
  64   2          while(P1_3 == 0);
  65   2          Delay(20);
  66   2          KeyNumber = 14;
  67   2        }
  68   1          
  69   1        P1 = 0xFF;
  70   1        P1_6 = 0;
  71   1        if(P1_0 == 0)
  72   1        {
  73   2          Delay(20);
  74   2          while(P1_0 == 0);
  75   2          Delay(20);
  76   2          KeyNumber = 3;
  77   2        }
  78   1        if(P1_1 == 0)
  79   1        {
  80   2          Delay(20);
  81   2          while(P1_1 == 0);
  82   2          Delay(20);
  83   2          KeyNumber = 7;
  84   2        }
  85   1        if(P1_2 == 0)
  86   1        {
  87   2          Delay(20);
  88   2          while(P1_2 == 0);
  89   2          Delay(20);
  90   2          KeyNumber = 11;
  91   2        }
  92   1        if(P1_3 == 0)
  93   1        {
  94   2          Delay(20);
  95   2          while(P1_3 == 0);
  96   2          Delay(20);
  97   2          KeyNumber = 15;
  98   2        }
  99   1          
 100   1        P1 = 0xFF;
 101   1        P1_7 = 0;
 102   1        if(P1_0 == 0)
 103   1        {
 104   2          Delay(20);
 105   2          while(P1_0 == 0);
 106   2          Delay(20);
 107   2          KeyNumber = 4;
 108   2        }
 109   1        if(P1_1 == 0)
 110   1        {
 111   2          Delay(20);
 112   2          while(P1_1 == 0);
 113   2          Delay(20);
 114   2          KeyNumber = 8;
 115   2        }
 116   1        if(P1_2 == 0)
C51 COMPILER V9.54   MATRIXKEY                                                             11/23/2022 00:55:32 PAGE 3   

 117   1        {
 118   2          Delay(20);
 119   2          while(P1_2 == 0);
 120   2          Delay(20);
 121   2          KeyNumber = 12;
 122   2        }
 123   1        if(P1_3 == 0)
 124   1        {
 125   2          Delay(20);
 126   2          while(P1_3 == 0);
 127   2          Delay(20);
 128   2          KeyNumber = 16;
 129   2        }
 130   1          
 131   1        return KeyNumber;
 132   1      }


MODULE INFORMATION:   STATIC OVERLAYABLE
   CODE SIZE        =    393    ----
   CONSTANT SIZE    =   ----    ----
   XDATA SIZE       =   ----    ----
   PDATA SIZE       =   ----    ----
   DATA SIZE        =   ----       1
   IDATA SIZE       =   ----    ----
   BIT SIZE         =   ----    ----
END OF MODULE INFORMATION.


C51 COMPILATION COMPLETE.  0 WARNING(S),  0 ERROR(S)
