C51 COMPILER V9.54   KEY                                                                   12/09/2022 09:46:13 PAGE 1   


C51 COMPILER V9.54, COMPILATION OF MODULE KEY
OBJECT MODULE PLACED IN .\Objects\Key.obj
COMPILER INVOKED BY: F:\keil5\C51\BIN\C51.EXE Key.c OPTIMIZE(8,SPEED) BROWSE DEBUG OBJECTEXTEND PRINT(.\Listings\Key.lst
                    -) TABS(2) OBJECT(.\Objects\Key.obj)

line level    source

   1          #include <REGX51.H>
   2          #include "delay.h"
   3          unsigned char Key()
   4          {
   5   1        unsigned char KeyNumber = 0;
   6   1        
   7   1        if(P1_0 == 0) {Delay(20);while(P1_0 == 0);Delay(20);KeyNumber = 1;}
   8   1        if(P1_1 == 0) {Delay(20);while(P1_1 == 0);Delay(20);KeyNumber = 2;}
   9   1        if(P1_2 == 0) {Delay(20);while(P1_2 == 0);Delay(20);KeyNumber = 3;}
  10   1        if(P1_3 == 0) {Delay(20);while(P1_3 == 0);Delay(20);KeyNumber = 4;}
  11   1        if(P1_4 == 0) {Delay(20);while(P1_4 == 0);Delay(20);KeyNumber = 5;}
  12   1        if(P1_5 == 0) {Delay(20);while(P1_5 == 0);Delay(20);KeyNumber = 6;}
  13   1        if(P1_6 == 0) {Delay(20);while(P1_6 == 0);Delay(20);KeyNumber = 7;}
  14   1        if(P1_7 == 0) {Delay(20);while(P1_7 == 0);Delay(20);KeyNumber = 8;}
  15   1        
  16   1        return KeyNumber;
  17   1      }


MODULE INFORMATION:   STATIC OVERLAYABLE
   CODE SIZE        =    189    ----
   CONSTANT SIZE    =   ----    ----
   XDATA SIZE       =   ----    ----
   PDATA SIZE       =   ----    ----
   DATA SIZE        =   ----       1
   IDATA SIZE       =   ----    ----
   BIT SIZE         =   ----    ----
END OF MODULE INFORMATION.


C51 COMPILATION COMPLETE.  0 WARNING(S),  0 ERROR(S)
