C51 COMPILER V9.54   MAIN                                                                  12/09/2022 11:39:17 PAGE 1   


C51 COMPILER V9.54, COMPILATION OF MODULE MAIN
OBJECT MODULE PLACED IN .\Objects\main.obj
COMPILER INVOKED BY: F:\keil5\C51\BIN\C51.EXE main.c OPTIMIZE(8,SPEED) BROWSE DEBUG OBJECTEXTEND PRINT(.\Listings\main.l
                    -st) TABS(2) OBJECT(.\Objects\main.obj)

line level    source

   1          #include <REGX51.H>
   2          #include "LCD1602.h"
   3          #include "DS1302.h"
   4          #include "Delay.h"
   5          #include "Key.h"
   6          #include "Timer0.h"
   7          unsigned char KeyNum,MODE,TimeSetSelect,timesetflashflag;
   8          
   9          void Timer0_Routine() interrupt 1
  10          {
  11   1        static int iCount = 0;
  12   1        iCount++;
  13   1        if(iCount == 500)
  14   1        {
  15   2          timesetflashflag = !timesetflashflag;
  16   2          iCount = 0;
  17   2        }
  18   1        TH0 = 0xFC; 
  19   1        TL0 = 0x18;
  20   1      }
  21          
  22          void TimeShow()
  23          {
  24   1          DS1302_ReadTime();
  25   1          LCD_ShowNum(1,1,DS1302_TIME[0],2);  
  26   1          LCD_ShowNum(1,4,DS1302_TIME[1],2);
  27   1          LCD_ShowNum(1,7,DS1302_TIME[2],2);  
  28   1          LCD_ShowNum(2,1,DS1302_TIME[3],2);  
  29   1          LCD_ShowNum(2,4,DS1302_TIME[4],2);
  30   1          LCD_ShowNum(2,7,DS1302_TIME[5],2);  
  31   1      }
  32          
  33          void TimeSet(void)
  34          {
  35   1        if(KeyNum == 2)
  36   1        {
  37   2          TimeSetSelect++;
  38   2          TimeSetSelect%=6; //超过5清零
  39   2        }
  40   1        if(KeyNum == 3)
  41   1        {
  42   2          DS1302_TIME[TimeSetSelect]++;
  43   2          DS1302_TIME[0]%=100;
  44   2          if(DS1302_TIME[1] > 12){DS1302_TIME[1] = 1;}
  45   2          if(DS1302_TIME[1] == 1 || DS1302_TIME[1] == 3 || DS1302_TIME[1] == 5 || 
  46   2            DS1302_TIME[1] == 7 || DS1302_TIME[1] == 8 || DS1302_TIME[1] == 10 || DS1302_TIME[1] == 12)
  47   2          {
  48   3            if(DS1302_TIME[2] > 31){DS1302_TIME[2] = 1;}
  49   3          }
  50   2          else if(DS1302_TIME[1] == 4 || DS1302_TIME[1] == 6 
  51   2            || DS1302_TIME[1] == 9 || DS1302_TIME[1] == 11 )
  52   2          {
  53   3            if(DS1302_TIME[2] > 30){DS1302_TIME[2] = 1;}
  54   3          }
C51 COMPILER V9.54   MAIN                                                                  12/09/2022 11:39:17 PAGE 2   

  55   2          else if(DS1302_TIME[1] == 2)
  56   2          {
  57   3            if(DS1302_TIME[0]%4 == 0)
  58   3            {
  59   4              if(DS1302_TIME[2]>29)
  60   4                  DS1302_TIME[2] = 1;
  61   4            }
  62   3            else
  63   3            {
  64   4              if(DS1302_TIME[2]>28)
  65   4                  DS1302_TIME[2] = 1;
  66   4            }
  67   3          }
  68   2          if(DS1302_TIME[3] > 23){DS1302_TIME[3] = 0;}
  69   2          if(DS1302_TIME[4] > 59){DS1302_TIME[4] = 0;}
  70   2          if(DS1302_TIME[5] > 59){DS1302_TIME[5] = 0;}
  71   2        }
  72   1        if(KeyNum == 4)
  73   1        {
  74   2          DS1302_TIME[TimeSetSelect]--;
  75   2          if(DS1302_TIME[0] < 0) {DS1302_TIME[0] = 99;}
  76   2          if(DS1302_TIME[1] < 1){DS1302_TIME[1] = 12;}
  77   2          if(DS1302_TIME[1] == 1 || DS1302_TIME[1] == 3 || DS1302_TIME[1] == 5 || 
  78   2            DS1302_TIME[1] == 7 || DS1302_TIME[1] == 8 || DS1302_TIME[1] == 10 || DS1302_TIME[1] == 12)
  79   2          {
  80   3            if(DS1302_TIME[2] < 1){DS1302_TIME[2] = 31;}
  81   3            if(DS1302_TIME[2] > 31){DS1302_TIME[2] = 1;}
  82   3          }
  83   2          else if(DS1302_TIME[1] == 4 || DS1302_TIME[1] == 6 
  84   2            || DS1302_TIME[1] == 9 || DS1302_TIME[1] == 11 )
  85   2          {
  86   3            if(DS1302_TIME[2] < 1){DS1302_TIME[2] = 30;}
  87   3            if(DS1302_TIME[2] > 30){DS1302_TIME[2] = 1;}
  88   3          }
  89   2          else if(DS1302_TIME[1] == 2)
  90   2          {
  91   3            if(DS1302_TIME[0]%4 == 0)
  92   3            {
  93   4              if(DS1302_TIME[2] < 1) DS1302_TIME[2] = 29;
  94   4              if(DS1302_TIME[2] > 29) DS1302_TIME[2] = 1;
  95   4            }
  96   3            else
  97   3            {
  98   4              if(DS1302_TIME[2] < 1) DS1302_TIME[2] = 28;
  99   4              if(DS1302_TIME[2] > 28) DS1302_TIME[2] = 1;
 100   4            }
 101   3          }
 102   2          if(DS1302_TIME[3] < 0){DS1302_TIME[3] = 23;}
 103   2          if(DS1302_TIME[4] < 0){DS1302_TIME[4] = 59;}
 104   2          if(DS1302_TIME[5] < 0){DS1302_TIME[5] = 59;}
 105   2        }
 106   1      
 107   1          if(TimeSetSelect == 0 && timesetflashflag == 1){LCD_ShowString(1,1,"  ");}
 108   1          else LCD_ShowNum(1,1,DS1302_TIME[0],2);  
 109   1          if(TimeSetSelect == 1 && timesetflashflag == 1){LCD_ShowString(1,4,"  ");}
 110   1          else LCD_ShowNum(1,4,DS1302_TIME[1],2);
 111   1          if(TimeSetSelect == 2 && timesetflashflag == 1){LCD_ShowString(1,7,"  ");}
 112   1          else LCD_ShowNum(1,7,DS1302_TIME[2],2);  
 113   1          if(TimeSetSelect == 3 && timesetflashflag == 1){LCD_ShowString(2,1,"  ");}
 114   1          else LCD_ShowNum(2,1,DS1302_TIME[3],2);  
 115   1          if(TimeSetSelect == 4 && timesetflashflag == 1){LCD_ShowString(2,4,"  ");}
 116   1          else LCD_ShowNum(2,4,DS1302_TIME[4],2);
C51 COMPILER V9.54   MAIN                                                                  12/09/2022 11:39:17 PAGE 3   

 117   1          if(TimeSetSelect == 5 && timesetflashflag == 1){LCD_ShowString(2,7,"  ");}
 118   1          else LCD_ShowNum(2,7,DS1302_TIME[5],2);  
 119   1          
 120   1          LCD_ShowNum(2,13,timesetflashflag,2); 
 121   1          LCD_ShowNum(2,10,TimeSetSelect,2);
 122   1      }
 123          void main()
 124          {
 125   1        LCD_Init();
 126   1        Timer0Init();
 127   1        //LCD_ShowString(1,1,"RTC");
 128   1        LCD_ShowString(1,1,"  -  -  ");
 129   1        LCD_ShowString(2,1,"  :  :  ");
 130   1        DS1302_Init();
 131   1        //DS1302_WriteByte(0x8E,0x00);//解除芯片写保护
 132   1        //DS1302_WriteByte(0x80,0x55);
 133   1        DS1302_SetTime();
 134   1        while(1)
 135   1        {
 136   2          KeyNum = Key();
 137   2          if(KeyNum == 1)
 138   2          {
 139   3            if(MODE == 0){MODE = 1;}
 140   3            else if(MODE == 1){MODE = 0; DS1302_SetTime();}
 141   3          }
 142   2          switch (MODE)
 143   2          { 
 144   3            case 0:TimeShow(); break;
 145   3            case 1:TimeSet();  break;
 146   3          }
 147   2        }
 148   1      }


MODULE INFORMATION:   STATIC OVERLAYABLE
   CODE SIZE        =    996    ----
   CONSTANT SIZE    =     21    ----
   XDATA SIZE       =   ----    ----
   PDATA SIZE       =   ----    ----
   DATA SIZE        =      6    ----
   IDATA SIZE       =   ----    ----
   BIT SIZE         =   ----    ----
END OF MODULE INFORMATION.


C51 COMPILATION COMPLETE.  0 WARNING(S),  0 ERROR(S)
