C51 COMPILER V9.54   TIMER0                                                                12/09/2022 09:46:13 PAGE 1   


C51 COMPILER V9.54, COMPILATION OF MODULE TIMER0
OBJECT MODULE PLACED IN .\Objects\Timer0.obj
COMPILER INVOKED BY: F:\keil5\C51\BIN\C51.EXE Timer0.c OPTIMIZE(8,SPEED) BROWSE DEBUG OBJECTEXTEND PRINT(.\Listings\Time
                    -r0.lst) TABS(2) OBJECT(.\Objects\Timer0.obj)

line level    source

   1          #include <REGX51.H>
   2          
   3          void Timer0Init(void)   
   4          {
   5   1        TMOD &= 0xF0;   
   6   1        TMOD |= 0x01;   
   7   1        TL0 = 0x20;   
   8   1        TH0 = 0xD1;   
   9   1        TF0 = 0;    
  10   1        TR0 = 1;  
  11   1        IE = 0x82;
  12   1        PT0 = 0;
  13   1      }
  14          /*
  15          void Timer0_Routine() interrupt 1
  16          {
  17            static int iCount = 0;
  18            iCount++;
  19            if(iCount == 1000)
  20            {
  21              P0_2 = ~P0_2;
  22              iCount = 0;
  23            }
  24            TH0 = 0xD1; 
  25            TL0 = 0x20;
  26          }
  27          */


MODULE INFORMATION:   STATIC OVERLAYABLE
   CODE SIZE        =     22    ----
   CONSTANT SIZE    =   ----    ----
   XDATA SIZE       =   ----    ----
   PDATA SIZE       =   ----    ----
   DATA SIZE        =   ----    ----
   IDATA SIZE       =   ----    ----
   BIT SIZE         =   ----    ----
END OF MODULE INFORMATION.


C51 COMPILATION COMPLETE.  0 WARNING(S),  0 ERROR(S)
