C51 COMPILER V9.54   MAIN                                                                  11/16/2022 21:01:32 PAGE 1   


C51 COMPILER V9.54, COMPILATION OF MODULE MAIN
OBJECT MODULE PLACED IN .\Objects\main.obj
COMPILER INVOKED BY: F:\keil5\C51\BIN\C51.EXE main.c OPTIMIZE(8,SPEED) BROWSE DEBUG OBJECTEXTEND PRINT(.\Listings\main.l
                    -st) TABS(2) OBJECT(.\Objects\main.obj)

line level    source

   1          #include <REGX51.H>
   2          
   3          unsigned char NixieTable[] = {0x3F,0x06,0x5B,0x4F,0x66,0x6D,
   4          0x7D,0x07,0x7F,0x6F,0x77,0x7C,0x39,0x5E,0x79,0x71,0x00};
   5          
   6          void Nixie(unsigned char Location,unsigned int number)
   7          {
   8   1        switch(Location)
   9   1        {
  10   2          case 1:
  11   2            P1_0 = 0;
  12   2            P1_1 = 0;
  13   2            P1_2 = 0;
  14   2            break;
  15   2          case 2:
  16   2            P1_0 = 1;
  17   2            P1_1 = 0;
  18   2            P1_2 = 0;
  19   2            break;
  20   2          case 3:
  21   2            P1_0 = 0;
  22   2            P1_1 = 1;
  23   2            P1_2 = 0;
  24   2            break;
  25   2          case 4:
  26   2            P1_0 = 1;
  27   2            P1_1 = 1;
  28   2            P1_2 = 0;
  29   2            break;
  30   2          case 5:
  31   2            P1_0 = 0;
  32   2            P1_1 = 0;
  33   2            P1_2 = 1;
  34   2            break;
  35   2          case 6:
  36   2            P1_0 = 1;
  37   2            P1_1 = 0;
  38   2            P1_2 = 1;
  39   2            break;
  40   2          case 7:
  41   2            P1_0 = 0;
  42   2            P1_1 = 1;
  43   2            P1_2 = 1;
  44   2            break;
  45   2          case 8:
  46   2            P1_0 = 1;
  47   2            P1_1 = 1;
  48   2            P1_2 = 1;
  49   2            break;
  50   2        }
  51   1        P0 = NixieTable[number];
  52   1      }
  53          
  54          void main()
C51 COMPILER V9.54   MAIN                                                                  11/16/2022 21:01:32 PAGE 2   

  55          {
  56   1        Nixie(5,4);
  57   1        while(1)
  58   1        {
  59   2        }
  60   1      }


MODULE INFORMATION:   STATIC OVERLAYABLE
   CODE SIZE        =    110    ----
   CONSTANT SIZE    =   ----    ----
   XDATA SIZE       =   ----    ----
   PDATA SIZE       =   ----    ----
   DATA SIZE        =     17    ----
   IDATA SIZE       =   ----    ----
   BIT SIZE         =   ----    ----
END OF MODULE INFORMATION.


C51 COMPILATION COMPLETE.  0 WARNING(S),  0 ERROR(S)
