C51 COMPILER V9.54   MAIN                                                                  11/16/2022 19:43:26 PAGE 1   


C51 COMPILER V9.54, COMPILATION OF MODULE MAIN
OBJECT MODULE PLACED IN .\Objects\main.obj
COMPILER INVOKED BY: F:\keil5\C51\BIN\C51.EXE main.c OPTIMIZE(8,SPEED) BROWSE DEBUG OBJECTEXTEND PRINT(.\Listings\main.l
                    -st) TABS(2) OBJECT(.\Objects\main.obj)

line level    source

   1          #include <REGX51.H>
   2          
   3          void delay(unsigned int xms)
   4          {
   5   1        unsigned char i,j;
   6   1        while(xms)
   7   1        {
   8   2          i = 2;
   9   2          j = 239;
  10   2          do{
  11   3            while(--j);
  12   3          }while(--i);
  13   2          xms--;
  14   2        }
  15   1      }
  16          
  17          void main()
  18          {
  19   1        P0 = 0x01;
  20   1        while(1)
  21   1        {
  22   2          if(P1_0 == 0)
  23   2          {
  24   3            delay(20);
  25   3            while(P1_0 == 0);
  26   3            delay(20);
  27   3            P0 <<= 1;
  28   3            if(!P0)
  29   3              P0 = 0x01;
  30   3          }
  31   2          if(P1_1 == 0)
  32   2          {
  33   3            delay(20);
  34   3            while(P1_1 == 0);
  35   3            delay(20);
  36   3            P0 >>= 1;
  37   3            if(!P0)
  38   3              P0 = 0x80;
  39   3          }
  40   2        }
  41   1        
  42   1      }


MODULE INFORMATION:   STATIC OVERLAYABLE
   CODE SIZE        =     79    ----
   CONSTANT SIZE    =   ----    ----
   XDATA SIZE       =   ----    ----
   PDATA SIZE       =   ----    ----
   DATA SIZE        =   ----    ----
   IDATA SIZE       =   ----    ----
   BIT SIZE         =   ----    ----
END OF MODULE INFORMATION.


C51 COMPILATION COMPLETE.  0 WARNING(S),  0 ERROR(S)
