C51 COMPILER V9.54   MAIN                                                                  12/01/2022 12:30:34 PAGE 1   


C51 COMPILER V9.54, COMPILATION OF MODULE MAIN
OBJECT MODULE PLACED IN .\Objects\main.obj
COMPILER INVOKED BY: F:\keil5\C51\BIN\C51.EXE main.c OPTIMIZE(8,SPEED) BROWSE DEBUG OBJECTEXTEND PRINT(.\Listings\main.l
                    -st) TABS(2) OBJECT(.\Objects\main.obj)

line level    source

   1          #include <REGX51.H>
   2          #include "Delay.h"
   3          #include "MatrixLED.h"
   4          unsigned char code Animation[] = {
   5            0x00,0x00,0x00,0x00,0x00,0x00,0x00,0x00,
   6            0xFF,0x10,0x10,0xFF,0x00,0x0E,0x15,0x15,
   7            0x0D,0x00,0xFF,0x01,0x02,0x00,0xFF,0x01,
   8            0x02,0x00,0x06,0x09,0x09,0x06,0x00,0xFD,
   9            0x00,0x00,0x00,0x00,0x00,0x00,0x00,0x00
  10          };
  11          unsigned char code Animations[] = {            /*code放在闪存之中，节省RAM*/
  12            0x3C,0x42,0xA9,0x85,0x85,0xA9,0x42,0x3C,
  13            0x3C,0x42,0xA5,0x85,0x85,0xA5,0x42,0x3C,
  14            0x3C,0x42,0xA5,0x89,0x89,0xA5,0x42,0x3C,
  15          };
  16          void main()
  17          {
  18   1         unsigned char i = 0;
  19   1         unsigned char Offset = 0;
  20   1         unsigned char Count = 0;
  21   1         MatrixLED_Init();
  22   1         while(1)
  23   1         {
  24   2           for(i = 0; i < 8; ++i)
  25   2           {
  26   3              MatrixLED_showColumn(i,Animations[i+Offset]);
  27   3           }
  28   2           Count++;
  29   2           if(Count > 15)
  30   2           {
  31   3              Count = 0;
  32   3              Offset += 8;
  33   3              if(Offset>16)
  34   3                Offset = 0;
  35   3           }
  36   2         }
  37   1      }


MODULE INFORMATION:   STATIC OVERLAYABLE
   CODE SIZE        =     66    ----
   CONSTANT SIZE    =     64    ----
   XDATA SIZE       =   ----    ----
   PDATA SIZE       =   ----    ----
   DATA SIZE        =   ----       3
   IDATA SIZE       =   ----    ----
   BIT SIZE         =   ----    ----
END OF MODULE INFORMATION.


C51 COMPILATION COMPLETE.  0 WARNING(S),  0 ERROR(S)
