C51 COMPILER V9.54   MATRIXLED                                                             12/01/2022 11:55:39 PAGE 1   


C51 COMPILER V9.54, COMPILATION OF MODULE MATRIXLED
OBJECT MODULE PLACED IN .\Objects\MatrixLED.obj
COMPILER INVOKED BY: F:\keil5\C51\BIN\C51.EXE MatrixLED.c OPTIMIZE(8,SPEED) BROWSE DEBUG OBJECTEXTEND PRINT(.\Listings\M
                    -atrixLED.lst) TABS(2) OBJECT(.\Objects\MatrixLED.obj)

line level    source

   1          #include <REGX51.H>
   2          #include "Delay.h"
   3          sbit RCLK = P3^5;
   4          sbit SER = P3^4;
   5          sbit SRCLK = P3^6;
   6          #define MATRIX_LED_PORT P0
   7          //74HC595移位寄存器扩展IO口 3个口 串行转并行
   8          void _74HC595_WriteByte(unsigned char Byte) 
   9          {
  10   1        unsigned char i;
  11   1        for(i = 0; i < 8; ++i)
  12   1        {
  13   2          SER = Byte >> i & 1;
  14   2          SRCLK = 1;
  15   2          SRCLK = 0;
  16   2        } 
  17   1          RCLK = 1;
  18   1          RCLK = 0;
  19   1      }
  20          //LED点阵屏显示一列数据  colum选择的列 Data选择每列显示的数据
  21          void MatrixLED_showColumn(unsigned char column, Data)
  22          {
  23   1        _74HC595_WriteByte(Data);
  24   1        MATRIX_LED_PORT = ~(0x80>>column);
  25   1        Delay(1); //消隐 段选-位选-延时-位清零-段选-位选
  26   1        MATRIX_LED_PORT = 0xFF;
  27   1      }
  28          
  29          void MatrixLED_Init()
  30          {
  31   1          RCLK = 0;
  32   1          SRCLK = 0;
  33   1      }


MODULE INFORMATION:   STATIC OVERLAYABLE
   CODE SIZE        =     67    ----
   CONSTANT SIZE    =   ----    ----
   XDATA SIZE       =   ----    ----
   PDATA SIZE       =   ----    ----
   DATA SIZE        =   ----    ----
   IDATA SIZE       =   ----    ----
   BIT SIZE         =   ----    ----
END OF MODULE INFORMATION.


C51 COMPILATION COMPLETE.  0 WARNING(S),  0 ERROR(S)
