C51 COMPILER V9.54   MAIN                                                                  11/26/2022 01:01:09 PAGE 1   


C51 COMPILER V9.54, COMPILATION OF MODULE MAIN
OBJECT MODULE PLACED IN .\Objects\main.obj
COMPILER INVOKED BY: F:\keil5\C51\BIN\C51.EXE main.c OPTIMIZE(8,SPEED) BROWSE DEBUG OBJECTEXTEND PRINT(.\Listings\main.l
                    -st) TABS(2) OBJECT(.\Objects\main.obj)

line level    source

   1          #include <REGX51.H>
   2          //#include "Timer0.h"
   3          #include "Key.h"
   4          #include "INTRINS.H"
   5          unsigned char KeyNum,LEDMode;
   6          void main()
   7          {
   8   1        P0 = 0x01;
   9   1        Timer0Init();
*** WARNING C206 IN LINE 9 OF main.c: 'Timer0Init': missing function-prototype
  10   1        while(1)
  11   1        {
  12   2          KeyNum = Key();
  13   2          
  14   2          if(KeyNum == 1) 
  15   2          {
  16   3            LEDMode++;
  17   3            if(LEDMode == 2) LEDMode = 0;
  18   3          }
  19   2          if(KeyNum == 2) P0_1 = ~P0_1;
  20   2          if(KeyNum == 3) P0_2 = ~P0_2;
  21   2          if(KeyNum == 4) P0_3 = ~P0_3;
  22   2          
  23   2        }
  24   1      }
  25          
  26          
  27          void Timer0_Routine() interrupt 1
  28          {
  29   1        static int iCount = 0;
  30   1        iCount++;
  31   1        if(iCount == 500)
  32   1        {
  33   2          iCount = 0;
  34   2          if(LEDMode == 0)
  35   2            P0 = _crol_(P0,1);
  36   2          if(LEDMode == 1)
  37   2            P0 = _cror_(P0,1);
  38   2        }
  39   1        TH0 = 64535/256;
  40   1        TL0 = 64535%256;
  41   1      }


MODULE INFORMATION:   STATIC OVERLAYABLE
   CODE SIZE        =    132    ----
   CONSTANT SIZE    =   ----    ----
   XDATA SIZE       =   ----    ----
   PDATA SIZE       =   ----    ----
   DATA SIZE        =      4    ----
   IDATA SIZE       =   ----    ----
   BIT SIZE         =   ----    ----
END OF MODULE INFORMATION.


C51 COMPILATION COMPLETE.  1 WARNING(S),  0 ERROR(S)
