C51 COMPILER V9.54   MAIN                                                                  11/26/2022 01:27:07 PAGE 1   


C51 COMPILER V9.54, COMPILATION OF MODULE MAIN
OBJECT MODULE PLACED IN .\Objects\main.obj
COMPILER INVOKED BY: F:\keil5\C51\BIN\C51.EXE main.c OPTIMIZE(8,SPEED) BROWSE DEBUG OBJECTEXTEND PRINT(.\Listings\main.l
                    -st) TABS(2) OBJECT(.\Objects\main.obj)

line level    source

   1          #include <REGX51.H>
   2          #include "Timer0.h"
   3          #include "Delay.h"
   4          #include "display.h"
   5          unsigned char number = 0;
   6          void main()
   7          {
   8   1         Timer0Init();
   9   1         while(1)
  10   1         {
  11   2           display(4,number);   
  12   2         }
  13   1      }
  14          
  15          void Timer0_Routine() interrupt 1   //中断函数不要嵌套过长的子函数
  16          {
  17   1        static int iCount = 0;
  18   1        iCount++;
  19   1        if(iCount == 500)
  20   1        {
  21   2          ++number;
  22   2          //display(4,number);
  23   2          iCount = 0;
  24   2        }
  25   1        TH0 = 0xD1; 
  26   1        TL0 = 0x20;
  27   1      }


MODULE INFORMATION:   STATIC OVERLAYABLE
   CODE SIZE        =     54    ----
   CONSTANT SIZE    =   ----    ----
   XDATA SIZE       =   ----    ----
   PDATA SIZE       =   ----    ----
   DATA SIZE        =      3    ----
   IDATA SIZE       =   ----    ----
   BIT SIZE         =   ----    ----
END OF MODULE INFORMATION.


C51 COMPILATION COMPLETE.  0 WARNING(S),  0 ERROR(S)
