C51 COMPILER V9.54   MAIN                                                                  11/16/2022 19:29:28 PAGE 1   


C51 COMPILER V9.54, COMPILATION OF MODULE MAIN
OBJECT MODULE PLACED IN .\Objects\main.obj
COMPILER INVOKED BY: F:\keil5\C51\BIN\C51.EXE main.c OPTIMIZE(8,SPEED) BROWSE DEBUG OBJECTEXTEND PRINT(.\Listings\main.l
                    -st) TABS(2) OBJECT(.\Objects\main.obj)

line level    source

   1          #include <REGX51.H>
   2          void Delay(unsigned int xms)
   3          {
   4   1        unsigned char i,j;
   5   1        while(xms)
   6   1        {
   7   2          i = 2;
   8   2          j = 239;
   9   2          do{
  10   3            while(--j);
  11   3          }while(--i);
  12   2          xms--;
  13   2        }
  14   1      }
  15          
  16          void main()
  17          {
  18   1        P0 = 0x00;
  19   1        while(1)
  20   1        {
  21   2          if(P1_0 == 0)
  22   2          {
  23   3            Delay(20);
  24   3            while(P1_0 == 0);
  25   3            Delay(20);
  26   3            P0++;
  27   3          }
  28   2        }
  29   1      
  30   1      }


MODULE INFORMATION:   STATIC OVERLAYABLE
   CODE SIZE        =     47    ----
   CONSTANT SIZE    =   ----    ----
   XDATA SIZE       =   ----    ----
   PDATA SIZE       =   ----    ----
   DATA SIZE        =   ----    ----
   IDATA SIZE       =   ----    ----
   BIT SIZE         =   ----    ----
END OF MODULE INFORMATION.


C51 COMPILATION COMPLETE.  0 WARNING(S),  0 ERROR(S)
