C51 COMPILER V9.54   MAIN                                                                  11/14/2022 22:31:30 PAGE 1   


C51 COMPILER V9.54, COMPILATION OF MODULE MAIN
OBJECT MODULE PLACED IN .\Objects\main.obj
COMPILER INVOKED BY: F:\keil5\C51\BIN\C51.EXE main.c OPTIMIZE(8,SPEED) BROWSE DEBUG OBJECTEXTEND PRINT(.\Listings\main.l
                    -st) TABS(2) OBJECT(.\Objects\main.obj)

line level    source

   1          #include <REGX51.H>
   2          #include <INTRINS.H>
   3          void Delayms(unsigned int xms) //@12.000MHz
   4          {
   5   1        unsigned char i,j;
   6   1        while(xms)
   7   1        {
   8   2          i = 2;
   9   2          j = 239;
  10   2          do{
  11   3            while(--j);
  12   3          }while(--i);
  13   2          --xms;
  14   2        }
  15   1      }
  16          void main()
  17          {
  18   1        P1 = 0x01;
  19   1        while(1)
  20   1        {
  21   2          if(P1==0x80)
  22   2            P1 = 0x01;
  23   2          Delayms(100);
  24   2          P1 <<= 1;
  25   2        }
  26   1      }


MODULE INFORMATION:   STATIC OVERLAYABLE
   CODE SIZE        =     46    ----
   CONSTANT SIZE    =   ----    ----
   XDATA SIZE       =   ----    ----
   PDATA SIZE       =   ----    ----
   DATA SIZE        =   ----    ----
   IDATA SIZE       =   ----    ----
   BIT SIZE         =   ----    ----
END OF MODULE INFORMATION.


C51 COMPILATION COMPLETE.  0 WARNING(S),  0 ERROR(S)
