C51 COMPILER V9.54   MAIN                                                                  11/27/2022 19:57:47 PAGE 1   


C51 COMPILER V9.54, COMPILATION OF MODULE MAIN
OBJECT MODULE PLACED IN .\Objects\main.obj
COMPILER INVOKED BY: F:\keil5\C51\BIN\C51.EXE main.c OPTIMIZE(8,SPEED) BROWSE DEBUG OBJECTEXTEND PRINT(.\Listings\main.l
                    -st) TABS(2) OBJECT(.\Objects\main.obj)

line level    source

   1          #include <REGX51.H>
   2          #include "Delay.h"
   3          #include "UART.h"
   4          //unsigned char Sec;
   5          void main()
   6          {
   7   1         P0 = 0x00;
   8   1         UART_Init();
   9   1        
  10   1         while(1)
  11   1         {
  12   2      //      UART_SendByte(Sec);
  13   2      //      Sec++;
  14   2      //      Delay(1000);
  15   2         }
  16   1      }
  17          
  18          void UART_Routine() interrupt 4
  19          {
  20   1        if(RI == 1)
  21   1        {
  22   2          P0 = SBUF;
  23   2          UART_SendByte(SBUF);
  24   2          RI = 0;
  25   2        }
  26   1      }


MODULE INFORMATION:   STATIC OVERLAYABLE
   CODE SIZE        =     77    ----
   CONSTANT SIZE    =   ----    ----
   XDATA SIZE       =   ----    ----
   PDATA SIZE       =   ----    ----
   DATA SIZE        =   ----    ----
   IDATA SIZE       =   ----    ----
   BIT SIZE         =   ----    ----
END OF MODULE INFORMATION.


C51 COMPILATION COMPLETE.  0 WARNING(S),  0 ERROR(S)
