C51 COMPILER V9.54   MAIN                                                                  11/16/2022 21:14:11 PAGE 1   


C51 COMPILER V9.54, COMPILATION OF MODULE MAIN
OBJECT MODULE PLACED IN .\Objects\main.obj
COMPILER INVOKED BY: F:\keil5\C51\BIN\C51.EXE main.c OPTIMIZE(8,SPEED) BROWSE DEBUG OBJECTEXTEND PRINT(.\Listings\main.l
                    -st) TABS(2) OBJECT(.\Objects\main.obj)

line level    source

   1          #include <REGX51.H>
   2          
   3          unsigned char NixieTable[] = {0x3F,0x06,0x5B,0x4F,0x66,0x6D,
   4          0x7D,0x07,0x7F,0x6F,0x77,0x7C,0x39,0x5E,0x79,0x71,0x00};
   5          
   6          void Delay(unsigned int xms)
   7          {
   8   1        unsigned char i,j;
   9   1        while(xms)
  10   1        {
  11   2          i = 2;
  12   2          j = 239;
  13   2          do{
  14   3            while(--j);
  15   3          }while(--i);
  16   2          xms--;
  17   2        }
  18   1      }
  19            
  20          void Nixie(unsigned char Location,unsigned int number)
  21          {
  22   1        switch(Location)
  23   1        {
  24   2          case 1:
  25   2            P1_0 = 0;
  26   2            P1_1 = 0;
  27   2            P1_2 = 0;
  28   2            break;
  29   2          case 2:
  30   2            P1_0 = 1;
  31   2            P1_1 = 0;
  32   2            P1_2 = 0;
  33   2            break;
  34   2          case 3:
  35   2            P1_0 = 0;
  36   2            P1_1 = 1;
  37   2            P1_2 = 0;
  38   2            break;
  39   2          case 4:
  40   2            P1_0 = 1;
  41   2            P1_1 = 1;
  42   2            P1_2 = 0;
  43   2            break;
  44   2          case 5:
  45   2            P1_0 = 0;
  46   2            P1_1 = 0;
  47   2            P1_2 = 1;
  48   2            break;
  49   2          case 6:
  50   2            P1_0 = 1;
  51   2            P1_1 = 0;
  52   2            P1_2 = 1;
  53   2            break;
  54   2          case 7:
C51 COMPILER V9.54   MAIN                                                                  11/16/2022 21:14:11 PAGE 2   

  55   2            P1_0 = 0;
  56   2            P1_1 = 1;
  57   2            P1_2 = 1;
  58   2            break;
  59   2          case 8:
  60   2            P1_0 = 1;
  61   2            P1_1 = 1;
  62   2            P1_2 = 1;
  63   2            break;
  64   2        }
  65   1        P0 = NixieTable[number];
  66   1        Delay(1); //消影，防止数码管重影
  67   1        P0 = 0x00;
  68   1      }
  69          
  70          void main()
  71          {
  72   1        while(1)
  73   1        {
  74   2          Nixie(1,1);
  75   2          //Delay(200);
  76   2          Nixie(2,2);
  77   2          //Delay(200);
  78   2          Nixie(3,3);
  79   2          //Delay(200);
  80   2        }
  81   1      }


MODULE INFORMATION:   STATIC OVERLAYABLE
   CODE SIZE        =    158    ----
   CONSTANT SIZE    =   ----    ----
   XDATA SIZE       =   ----    ----
   PDATA SIZE       =   ----    ----
   DATA SIZE        =     17    ----
   IDATA SIZE       =   ----    ----
   BIT SIZE         =   ----    ----
END OF MODULE INFORMATION.


C51 COMPILATION COMPLETE.  0 WARNING(S),  0 ERROR(S)
